<?xml version="1.0" encoding="UTF-8"?>
<testng-results skipped="0" failed="0" ignored="0" total="1" passed="1">
  <reporter-output>
    <line>
      <![CDATA[Attach testcases screenshots to htmlreport]]>
    </line>
    <line>
      <![CDATA[all the pass screenshots are attached]]>
    </line>
    <line>
      <![CDATA[html reports is done]]>
    </line>
  </reporter-output>
  <suite name="Default suite" duration-ms="174193" started-at="2019-05-29T15:01:34Z" finished-at="2019-05-29T15:04:29Z">
    <groups>
    </groups>
    <test name="Default test" duration-ms="174193" started-at="2019-05-29T15:01:34Z" finished-at="2019-05-29T15:04:29Z">
      <class name="com.testcaseexecution.TestRunner">
        <test-method status="PASS" signature="intialexecution()[pri:0, instance:com.testcaseexecution.TestRunner@685cb137]" name="intialexecution" is-config="true" duration-ms="13438" started-at="2019-05-29T15:01:21Z" finished-at="2019-05-29T15:01:34Z">
          <reporter-output>
          </reporter-output>
        </test-method> <!-- intialexecution -->
        <test-method status="PASS" signature="baseexecution()[pri:0, instance:com.testcaseexecution.TestRunner@685cb137]" name="baseexecution" duration-ms="169150" started-at="2019-05-29T15:01:35Z" finished-at="2019-05-29T15:04:24Z">
          <reporter-output>
          </reporter-output>
        </test-method> <!-- baseexecution -->
        <test-method status="PASS" signature="screenshotattach(org.testng.ITestResult)[pri:0, instance:com.testcaseexecution.TestRunner@685cb137]" name="screenshotattach" is-config="true" duration-ms="4433" started-at="2019-05-29T15:04:24Z" finished-at="2019-05-29T15:04:29Z">
          <params>
            <param index="0">
              <value>
                <![CDATA[[TestResult name=baseexecution status=SUCCESS method=TestRunner.baseexecution()[pri:0, instance:com.testcaseexecution.TestRunner@685cb137] output={null}]]]>
              </value>
            </param>
          </params>
          <reporter-output>
            <line>
              <![CDATA[Attach testcases screenshots to htmlreport]]>
            </line>
            <line>
              <![CDATA[all the pass screenshots are attached]]>
            </line>
            <line>
              <![CDATA[html reports is done]]>
            </line>
          </reporter-output>
        </test-method> <!-- screenshotattach -->
      </class> <!-- com.testcaseexecution.TestRunner -->
    </test> <!-- Default test -->
  </suite> <!-- Default suite -->
</testng-results>
