<?xml version="1.0" encoding="UTF-8"?>
<testng-results skipped="0" failed="0" ignored="0" total="1" passed="1">
  <reporter-output>
  </reporter-output>
  <suite name="Default suite" duration-ms="228207" started-at="2019-05-24T13:15:47Z" finished-at="2019-05-24T13:19:36Z">
    <groups>
    </groups>
    <test name="Default test" duration-ms="228207" started-at="2019-05-24T13:15:47Z" finished-at="2019-05-24T13:19:36Z">
      <class name="com.testcaseexecution.TestRunner">
        <test-method status="PASS" signature="intialexecution()[pri:0, instance:com.testcaseexecution.TestRunner@5e5792a0]" name="intialexecution" is-config="true" duration-ms="1785" started-at="2019-05-24T13:15:46Z" finished-at="2019-05-24T13:15:47Z">
          <reporter-output>
          </reporter-output>
        </test-method> <!-- intialexecution -->
        <test-method status="PASS" signature="baseexecution()[pri:0, instance:com.testcaseexecution.TestRunner@5e5792a0]" name="baseexecution" duration-ms="228172" started-at="2019-05-24T13:15:47Z" finished-at="2019-05-24T13:19:36Z">
          <reporter-output>
          </reporter-output>
        </test-method> <!-- baseexecution -->
      </class> <!-- com.testcaseexecution.TestRunner -->
    </test> <!-- Default test -->
  </suite> <!-- Default suite -->
</testng-results>
